{"level":"info","message":"Server: Initiating server port 8901"}
{"level":"info","message":"Route: Initiating routes"}
{"level":"info","message":"Route: \u001b[32m/user/profile\u001b[39m \u001b[32mGET\u001b[39m registered from \u001b[32mapp/controllers/user/user_profile.js\u001b[39m"}
{"level":"info","message":"Route: Executing Dependency Injection (@repo/repository_feed)"}
{"level":"info","message":"Route: \u001b[32m/auth/login\u001b[39m \u001b[32mPOST\u001b[39m registered from \u001b[32mapp/controllers/user/user_auth.js\u001b[39m"}
{"level":"warn","message":"Route: \u001b[33mapp/controllers/user/test_invalid_type.txt\u001b[39m was not registered due to invalid type"}
{"level":"info","message":"Server: Initiating server port 8901"}
{"level":"info","message":"Route: Initiating routes"}
{"level":"info","message":"Route: \u001b[32m/user/profile\u001b[39m \u001b[32mGET\u001b[39m registered from \u001b[32mapp/controllers/user/user_profile.js\u001b[39m"}
{"level":"info","message":"Route: Executing Dependency Injection (@repo/repository_feed)"}
{"level":"info","message":"Route: \u001b[32m/auth/login\u001b[39m \u001b[32mPOST\u001b[39m registered from \u001b[32mapp/controllers/user/user_auth.js\u001b[39m"}
{"level":"warn","message":"Route: \u001b[33mapp/controllers/user/test_invalid_type.txt\u001b[39m was not registered due to invalid type"}
{"level":"info","message":"Server: Initiating server port 8901"}
{"level":"info","message":"Route: Initiating routes"}
{"level":"info","message":"Route: \u001b[32m/user/profile\u001b[39m \u001b[32mGET\u001b[39m registered from \u001b[32mapp/controllers/user/user_profile.js\u001b[39m"}
{"level":"info","message":"Route: Executing Dependency Injection (@repo/repository_feed)"}
{"level":"info","message":"Route: \u001b[32m/auth/login\u001b[39m \u001b[32mPOST\u001b[39m registered from \u001b[32mapp/controllers/user/user_auth.js\u001b[39m"}
{"level":"warn","message":"Route: \u001b[33mapp/controllers/user/test_invalid_type.txt\u001b[39m was not registered due to invalid type"}
{"level":"info","message":"Server: Initiating server port 8901"}
{"level":"info","message":"Route: Initiating routes"}
{"level":"info","message":"Route: \u001b[32m/user/profile\u001b[39m \u001b[32mGET\u001b[39m registered from \u001b[32mapp/controllers/user/user_profile.js\u001b[39m"}
{"level":"info","message":"Route: Executing Dependency Injection (@repo/repository_feed)"}
{"level":"info","message":"Route: \u001b[32m/auth/login\u001b[39m \u001b[32mPOST\u001b[39m registered from \u001b[32mapp/controllers/user/user_auth.js\u001b[39m"}
{"level":"warn","message":"Route: \u001b[33mapp/controllers/user/test_invalid_type.txt\u001b[39m was not registered due to invalid type"}
{"level":"info","message":"Server: Initiating server port 8901"}
{"level":"info","message":"Route: Initiating routes"}
{"level":"info","message":"Route: \u001b[32m/user/profile\u001b[39m \u001b[32mGET\u001b[39m registered from \u001b[32mapp/controllers/user/user_profile.js\u001b[39m"}
{"level":"info","message":"Route: Executing Dependency Injection (@repo/repository_feed)"}
{"level":"info","message":"Route: \u001b[32m/auth/login\u001b[39m \u001b[32mPOST\u001b[39m registered from \u001b[32mapp/controllers/user/user_auth.js\u001b[39m"}
{"level":"warn","message":"Route: \u001b[33mapp/controllers/user/test_invalid_type.txt\u001b[39m was not registered due to invalid type"}
{"level":"info","message":"Server: Initiating server port 8901"}
{"level":"info","message":"Route: Initiating routes"}
{"level":"info","message":"Route: \u001b[32m/user/profile\u001b[39m \u001b[32mGET\u001b[39m registered from \u001b[32mapp/controllers/user/user_profile.js\u001b[39m"}
{"level":"info","message":"Route: Executing Dependency Injection (@repo/repository_feed)"}
{"level":"info","message":"Route: \u001b[32m/auth/login\u001b[39m \u001b[32mPOST\u001b[39m registered from \u001b[32mapp/controllers/user/user_auth.js\u001b[39m"}
{"level":"warn","message":"Route: \u001b[33mapp/controllers/user/test_invalid_type.txt\u001b[39m was not registered due to invalid type"}
{"level":"info","message":"Server: Initiating server port 8901"}
{"level":"info","message":"Route: Initiating routes"}
{"level":"info","message":"Route: \u001b[32m/user/profile\u001b[39m \u001b[32mGET\u001b[39m registered from \u001b[32mapp/controllers/user/user_profile.js\u001b[39m"}
{"level":"info","message":"Route: Executing Dependency Injection (@repo/repository_feed)"}
{"level":"info","message":"Route: \u001b[32m/auth/login\u001b[39m \u001b[32mPOST\u001b[39m registered from \u001b[32mapp/controllers/user/user_auth.js\u001b[39m"}
{"level":"warn","message":"Route: \u001b[33mapp/controllers/user/test_invalid_type.txt\u001b[39m was not registered due to invalid type"}
